<?xml version="1.0" encoding="utf-8"?><testsuites name="pytest tests"><testsuite name="pytest" errors="0" failures="0" skipped="0" tests="10" time="43.771" timestamp="2026-05-23T14:49:10.841619+00:00" hostname="agent-env-802c52be-83f3-4787-bb36-d2ccffd16dd9"><testcase classname="backend.tests.test_mercurius_api.TestHealth" name="test_health_ok" time="0.153" /><testcase classname="backend.tests.test_mercurius_api.TestHealth" name="test_ingest_idempotent" time="0.158" /><testcase classname="backend.tests.test_mercurius_api.TestConversations" name="test_list_conversations" time="0.054" /><testcase classname="backend.tests.test_mercurius_api.TestConversations" name="test_create_conversation" time="0.130" /><testcase classname="backend.tests.test_mercurius_api.TestConversations" name="test_messages_empty_for_new_conv" time="0.172" /><testcase classname="backend.tests.test_mercurius_api.TestConversations" name="test_delete_cascades_messages" time="11.712" /><testcase classname="backend.tests.test_mercurius_api.TestChat" name="test_chat_empty_message_400" time="0.047" /><testcase classname="backend.tests.test_mercurius_api.TestChat" name="test_chat_creates_conversation_with_passages" time="9.532" /><testcase classname="backend.tests.test_mercurius_api.TestChat" name="test_chat_with_existing_conversation_appends" time="10.271" /><testcase classname="backend.tests.test_mercurius_api.TestChat" name="test_chat_voice_quality" time="11.416" /></testsuite></testsuites>